<?xml version="1.0" encoding="UTF-8"?>
<!-- Generated by org.testng.reporters.JUnitReportReporter -->
<testsuite hostname="DESKTOP-I31QPDV" failures="0" tests="1" name="testNGtcs.checkStaff" time="12.890" errors="0" timestamp="8 Sep 2021 14:42:21 GMT">
  <testcase classname="testNGtcs.checkStaff" name="metodo" time="12.890"/>
</testsuite> <!-- testNGtcs.checkStaff -->
