<?xml version="1.0" encoding="UTF-8"?>
<!-- Generated by org.testng.reporters.JUnitReportReporter -->
<testsuite hostname="DESKTOP-I31QPDV" failures="0" tests="1" name="testNGtcs.UserStory1" time="23.888" errors="0" timestamp="9 Sep 2021 03:51:50 GMT">
  <testcase classname="testNGtcs.UserStory1" name="run_US1TC5" time="23.888"/>
</testsuite> <!-- testNGtcs.UserStory1 -->
