<?xml version="1.0" encoding="UTF-8"?>
<!-- Generated by org.testng.reporters.JUnitReportReporter -->
<testsuite hostname="DESKTOP-I31QPDV" failures="0" tests="1" name="testNGtcs.Headers_TCs" time="22.160" errors="0" timestamp="4 Sep 2021 03:46:14 GMT">
  <testcase classname="testNGtcs.Headers_TCs" name="run_US1TC1" time="22.160"/>
</testsuite> <!-- testNGtcs.Headers_TCs -->
